<?xml version="1.0" encoding="UTF-8"?>
<testsuite xmlns:xsi="http://www.w3.org/2001/XMLSchema-instance" xsi:noNamespaceSchemaLocation="https://maven.apache.org/surefire/maven-surefire-plugin/xsd/surefire-test-report-3.0.xsd" version="3.0" name="br.com.cucumber.runners.RunnerTest" time="5.785" tests="1" errors="0" skipped="0" failures="0">
  <properties>
[...]
</properties>
  <testcase name="Logar no seu barriga" classname="Testar cucumber jenkins" time="5.578">
    <system-out><![CDATA[Funcionalidade: Testar cucumber jenkins
	Como tester 
	Eu quero quero aprender mais
	Para me desenvolver

  Cenário: Logar no seu barriga                    &amp#27;[90m# src/test/resources/features/realizarLoginSeuBarriga.feature:8&amp#27;[0m
    &amp#27;[32mDado &amp#27;[0m&amp#27;[32mque acessei o endereco da aplicacao&amp#27;[0m       &amp#27;[90m# RealizarLoginSeuBarrigaSteps.queAcesseiOEnderecoDaAplicacao()&amp#27;[0m
    &amp#27;[32mQuando &amp#27;[0m&amp#27;[32minformar os dados de acesso e confirmar&amp#27;[0m &amp#27;[90m# RealizarLoginSeuBarrigaSteps.informarOsDadosDeAcessoEConfirmar()&amp#27;[0m
    &amp#27;[32mEntão &amp#27;[0m&amp#27;[32mo login eh realizado com sucesso&amp#27;[0m         &amp#27;[90m# RealizarLoginSeuBarrigaSteps.oLoginEhRealizadoComSucesso()&amp#27;[0m
]]></system-out>
    <system-err><![CDATA[Starting ChromeDriver 119.0.6045.105 (38c72552c5e15ba9b3117c0967a0fd105072d7c6-refs/branch-heads/6045@{#1103}) on port 39340
Only local connections are allowed.
Please see https://chromedriver.chromium.org/security-considerations for suggestions on keeping ChromeDriver safe.
ChromeDriver was started successfully.
nov 11, 2023 12:28:22 AM org.openqa.selenium.remote.ProtocolHandshake createSession
INFORMAÇÕES: Detected dialect: W3C
]]></system-err>
  </testcase>
</testsuite>